<?xml version="1.0" encoding="UTF-8"?>
<testng-results ignored="0" total="3" passed="3" failed="0" skipped="0">
  <reporter-output>
  </reporter-output>
  <suite started-at="2021-05-25T10:32:31 IST" name="Suite" finished-at="2021-05-25T10:32:40 IST" duration-ms="9108">
    <groups>
      <group name="cucumber">
        <method signature="AbstractTestNGCucumberTests.runScenario(io.cucumber.testng.PickleWrapper,io.cucumber.testng.FeatureWrapper)[pri:0, instance:cucumber.Options.TestRunner@7ed7259e]" name="runScenario" class="io.cucumber.testng.AbstractTestNGCucumberTests"/>
      </group> <!-- cucumber -->
    </groups>
    <test started-at="2021-05-25T10:32:31 IST" name="APITest" finished-at="2021-05-25T10:32:40 IST" duration-ms="9108">
      <class name="cucumber.Options.TestRunner">
        <test-method is-config="true" signature="setUpClass()[pri:0, instance:cucumber.Options.TestRunner@7ed7259e]" started-at="2021-05-25T10:32:31 IST" name="setUpClass" finished-at="2021-05-25T10:32:32 IST" duration-ms="269" status="PASS">
          <reporter-output>
          </reporter-output>
        </test-method> <!-- setUpClass -->
        <test-method signature="runScenario(io.cucumber.testng.PickleWrapper,io.cucumber.testng.FeatureWrapper)[pri:0, instance:cucumber.Options.TestRunner@7ed7259e]" started-at="2021-05-25T10:32:32 IST" name="runScenario" description="Runs Cucumber Scenarios" data-provider="scenarios" finished-at="2021-05-25T10:32:36 IST" duration-ms="4738" status="PASS">
          <params>
            <param index="0">
              <value>
                <![CDATA["Verify if Place is being successfully added using AddPlaceAPI"]]>
              </value>
            </param>
            <param index="1">
              <value>
                <![CDATA["Optional[Validating Place API's]"]]>
              </value>
            </param>
          </params>
          <reporter-output>
          </reporter-output>
        </test-method> <!-- runScenario -->
        <test-method signature="runScenario(io.cucumber.testng.PickleWrapper,io.cucumber.testng.FeatureWrapper)[pri:0, instance:cucumber.Options.TestRunner@7ed7259e]" started-at="2021-05-25T10:32:36 IST" name="runScenario" description="Runs Cucumber Scenarios" data-provider="scenarios" finished-at="2021-05-25T10:32:38 IST" duration-ms="1971" status="PASS">
          <params>
            <param index="0">
              <value>
                <![CDATA["Verify if Place is being successfully added using AddPlaceAPI"]]>
              </value>
            </param>
            <param index="1">
              <value>
                <![CDATA["Optional[Validating Place API's]"]]>
              </value>
            </param>
          </params>
          <reporter-output>
          </reporter-output>
        </test-method> <!-- runScenario -->
        <test-method signature="runScenario(io.cucumber.testng.PickleWrapper,io.cucumber.testng.FeatureWrapper)[pri:0, instance:cucumber.Options.TestRunner@7ed7259e]" started-at="2021-05-25T10:32:38 IST" name="runScenario" description="Runs Cucumber Scenarios" data-provider="scenarios" finished-at="2021-05-25T10:32:40 IST" duration-ms="2032" status="PASS">
          <params>
            <param index="0">
              <value>
                <![CDATA["Verify if Delete Place functionality is working"]]>
              </value>
            </param>
            <param index="1">
              <value>
                <![CDATA["Optional[Validating Place API's]"]]>
              </value>
            </param>
          </params>
          <reporter-output>
          </reporter-output>
        </test-method> <!-- runScenario -->
        <test-method is-config="true" signature="tearDownClass()[pri:0, instance:cucumber.Options.TestRunner@7ed7259e]" started-at="2021-05-25T10:32:40 IST" name="tearDownClass" finished-at="2021-05-25T10:32:40 IST" duration-ms="67" status="PASS">
          <reporter-output>
          </reporter-output>
        </test-method> <!-- tearDownClass -->
      </class> <!-- cucumber.Options.TestRunner -->
    </test> <!-- APITest -->
  </suite> <!-- Suite -->
</testng-results>
